2025-09-05 13:59:00 | INFO | repo=2017-course-sys-int-activemq-seminar | action=commit
2025-04-07 12:35:00 | INFO | repo=2017-course-sys-int-activemq-seminar | action=pull
2025-11-06 07:03:00 | WARN | repo=2017-course-sys-int-activemq-seminar | action=commit
2025-10-28 19:19:00 | WARN | repo=2017-course-sys-int-activemq-seminar | action=edit | files=4
2025-04-13 18:19:00 | DEBUG | repo=2017-course-sys-int-activemq-seminar | action=commit
2025-05-20 12:41:00 | WARN | repo=2017-course-sys-int-activemq-seminar | action=commit
2025-02-09 07:01:00 | WARN | repo=2017-course-sys-int-activemq-seminar | action=pull
2025-02-12 14:02:00 | DEBUG | repo=2017-course-sys-int-activemq-seminar | action=commit
2025-05-24 20:33:00 | WARN | repo=2017-course-sys-int-activemq-seminar | action=commit
2025-03-02 13:40:00 | INFO | repo=2017-course-sys-int-activemq-seminar | action=pull
2025-07-10 11:58:00 | INFO | repo=2017-course-sys-int-activemq-seminar | action=commit
2025-08-24 17:49:00 | INFO | repo=2017-course-sys-int-activemq-seminar | action=commit
2025-10-16 20:55:00 | WARN | repo=2017-course-sys-int-activemq-seminar | action=commit
2025-05-04 19:35:00 | DEBUG | repo=2017-course-sys-int-activemq-seminar | action=commit
2025-05-07 19:25:00 | DEBUG | repo=2017-course-sys-int-activemq-seminar | action=commit
2025-10-08 15:43:00 | DEBUG | repo=2017-course-sys-int-activemq-seminar | action=commit
2025-07-12 17:22:00 | DEBUG | repo=2017-course-sys-int-activemq-seminar | action=commit
2025-10-05 07:01:00 | INFO | repo=2017-course-sys-int-activemq-seminar | action=commit
2025-07-04 08:28:00 | INFO | repo=2017-course-sys-int-activemq-seminar | action=pull
2025-09-20 11:31:00 | DEBUG | repo=2017-course-sys-int-activemq-seminar | action=commit
2025-09-12 19:00:00 | DEBUG | repo=2017-course-sys-int-activemq-seminar | action=commit
2025-05-17 20:27:00 | WARN | repo=2017-course-sys-int-activemq-seminar | action=commit
2025-01-14 21:11:00 | INFO | repo=2017-course-sys-int-activemq-seminar | action=commit
2025-06-24 11:09:00 | WARN | repo=2017-course-sys-int-activemq-seminar | action=pull
2025-12-20 20:38:00 | WARN | repo=2017-course-sys-int-activemq-seminar | action=commit
2025-10-17 17:18:00 | DEBUG | repo=2017-course-sys-int-activemq-seminar | action=commit
2025-02-26 18:51:00 | DEBUG | repo=2017-course-sys-int-activemq-seminar | action=commit
2025-02-23 15:18:00 | WARN | repo=2017-course-sys-int-activemq-seminar | action=commit
2025-08-10 12:02:00 | WARN | repo=2017-course-sys-int-activemq-seminar | action=commit
2025-09-23 07:35:00 | DEBUG | repo=2017-course-sys-int-activemq-seminar | action=commit
2025-09-26 12:44:00 | DEBUG | repo=2017-course-sys-int-activemq-seminar | action=commit
2025-06-09 09:26:00 | INFO | repo=2017-course-sys-int-activemq-seminar | action=commit
2025-02-26 19:04:00 | DEBUG | repo=2017-course-sys-int-activemq-seminar | action=commit
2025-06-18 15:29:00 | INFO | repo=2017-course-sys-int-activemq-seminar | action=commit
2025-08-14 21:12:00 | WARN | repo=2017-course-sys-int-activemq-seminar | action=commit
2025-06-04 07:02:00 | DEBUG | repo=2017-course-sys-int-activemq-seminar | action=commit
2025-08-17 12:00:00 | INFO | repo=2017-course-sys-int-activemq-seminar | action=pull
2025-01-10 18:15:00 | DEBUG | repo=2017-course-sys-int-activemq-seminar | action=commit
2025-10-15 18:06:00 | DEBUG | repo=2017-course-sys-int-activemq-seminar | action=test | passed=true
2025-07-22 08:59:00 | DEBUG | repo=2017-course-sys-int-activemq-seminar | action=commit
2025-11-11 12:59:00 | DEBUG | repo=2017-course-sys-int-activemq-seminar | action=commit
2025-06-19 21:55:00 | WARN | repo=2017-course-sys-int-activemq-seminar | action=test | passed=true
2025-04-28 14:13:00 | DEBUG | repo=2017-course-sys-int-activemq-seminar | action=commit
2025-08-24 18:59:00 | DEBUG | repo=2017-course-sys-int-activemq-seminar | action=commit
2025-10-15 07:40:00 | INFO | repo=2017-course-sys-int-activemq-seminar | action=commit
2025-03-12 15:52:00 | INFO | repo=2017-course-sys-int-activemq-seminar | action=commit
2025-04-23 17:49:00 | DEBUG | repo=2017-course-sys-int-activemq-seminar | action=commit
2025-06-24 18:35:00 | DEBUG | repo=2017-course-sys-int-activemq-seminar | action=commit
2025-12-07 20:36:00 | DEBUG | repo=2017-course-sys-int-activemq-seminar | action=edit | files=5
2025-01-28 20:44:00 | INFO | repo=2017-course-sys-int-activemq-seminar | action=commit
2025-11-16 09:41:00 | INFO | repo=2017-course-sys-int-activemq-seminar | action=commit
2025-08-05 13:18:00 | DEBUG | repo=2017-course-sys-int-activemq-seminar | action=commit
2025-04-26 21:23:00 | WARN | repo=2017-course-sys-int-activemq-seminar | action=commit
2025-09-08 08:18:00 | WARN | repo=2017-course-sys-int-activemq-seminar | action=commit
2025-10-18 18:08:00 | INFO | repo=2017-course-sys-int-activemq-seminar | action=commit
2025-07-23 08:28:00 | INFO | repo=2017-course-sys-int-activemq-seminar | action=test | passed=true
2025-03-15 15:47:00 | INFO | repo=2017-course-sys-int-activemq-seminar | action=pull
2025-02-22 13:54:00 | DEBUG | repo=2017-course-sys-int-activemq-seminar | action=commit
2025-07-16 09:04:00 | DEBUG | repo=2017-course-sys-int-activemq-seminar | action=test | passed=true
2025-10-02 08:56:00 | INFO | repo=2017-course-sys-int-activemq-seminar | action=commit
2025-04-12 16:23:00 | INFO | repo=2017-course-sys-int-activemq-seminar | action=commit
2025-06-23 21:04:00 | DEBUG | repo=2017-course-sys-int-activemq-seminar | action=commit
2025-04-16 12:08:00 | DEBUG | repo=2017-course-sys-int-activemq-seminar | action=commit
2025-09-11 19:16:00 | WARN | repo=2017-course-sys-int-activemq-seminar | action=commit
2025-08-03 15:08:00 | DEBUG | repo=2017-course-sys-int-activemq-seminar | action=commit
2025-10-05 08:59:00 | INFO | repo=2017-course-sys-int-activemq-seminar | action=commit
2025-09-28 07:26:00 | DEBUG | repo=2017-course-sys-int-activemq-seminar | action=commit
2025-06-17 13:51:00 | WARN | repo=2017-course-sys-int-activemq-seminar | action=commit
2025-02-23 14:23:00 | WARN | repo=2017-course-sys-int-activemq-seminar | action=commit
2025-04-01 20:43:00 | WARN | repo=2017-course-sys-int-activemq-seminar | action=edit | files=1
2025-07-03 12:40:00 | WARN | repo=2017-course-sys-int-activemq-seminar | action=pull
2025-03-09 07:04:00 | WARN | repo=2017-course-sys-int-activemq-seminar | action=commit
2025-06-05 19:13:00 | DEBUG | repo=2017-course-sys-int-activemq-seminar | action=commit
2025-02-26 21:07:00 | WARN | repo=2017-course-sys-int-activemq-seminar | action=pull
2025-12-26 19:59:00 | WARN | repo=2017-course-sys-int-activemq-seminar | action=commit
2025-01-15 07:38:00 | WARN | repo=2017-course-sys-int-activemq-seminar | action=commit
2025-05-09 19:26:00 | INFO | repo=2017-course-sys-int-activemq-seminar | action=commit
2025-03-08 12:21:00 | INFO | repo=2017-course-sys-int-activemq-seminar | action=pull
2025-04-27 08:45:00 | WARN | repo=2017-course-sys-int-activemq-seminar | action=commit
2025-01-21 07:06:00 | DEBUG | repo=2017-course-sys-int-activemq-seminar | action=commit
2025-09-27 21:44:00 | WARN | repo=2017-course-sys-int-activemq-seminar | action=pull
2025-04-23 08:06:00 | WARN | repo=2017-course-sys-int-activemq-seminar | action=commit
2025-07-13 07:43:00 | DEBUG | repo=2017-course-sys-int-activemq-seminar | action=commit
2025-02-23 15:21:00 | DEBUG | repo=2017-course-sys-int-activemq-seminar | action=test | passed=true
2025-03-07 14:51:00 | WARN | repo=2017-course-sys-int-activemq-seminar | action=commit
2025-05-17 11:31:00 | DEBUG | repo=2017-course-sys-int-activemq-seminar | action=commit
2025-10-22 21:09:00 | INFO | repo=2017-course-sys-int-activemq-seminar | action=commit
2025-07-07 16:38:00 | WARN | repo=2017-course-sys-int-activemq-seminar | action=commit
2025-10-03 13:31:00 | DEBUG | repo=2017-course-sys-int-activemq-seminar | action=commit
2025-10-26 12:01:00 | DEBUG | repo=2017-course-sys-int-activemq-seminar | action=commit
2025-09-27 10:21:00 | WARN | repo=2017-course-sys-int-activemq-seminar | action=commit
2025-09-20 21:12:00 | DEBUG | repo=2017-course-sys-int-activemq-seminar | action=test | passed=true
2025-06-02 12:15:00 | DEBUG | repo=2017-course-sys-int-activemq-seminar | action=commit
2025-02-17 15:20:00 | DEBUG | repo=2017-course-sys-int-activemq-seminar | action=commit
2025-01-23 18:11:00 | DEBUG | repo=2017-course-sys-int-activemq-seminar | action=pull
2025-11-12 21:02:00 | WARN | repo=2017-course-sys-int-activemq-seminar | action=commit
2025-10-08 11:49:00 | DEBUG | repo=2017-course-sys-int-activemq-seminar | action=commit
2025-01-02 18:37:00 | WARN | repo=2017-course-sys-int-activemq-seminar | action=commit
2025-03-22 08:55:00 | DEBUG | repo=2017-course-sys-int-activemq-seminar | action=pull
2025-10-09 19:35:00 | INFO | repo=2017-course-sys-int-activemq-seminar | action=commit
2025-08-15 13:14:00 | DEBUG | repo=2017-course-sys-int-activemq-seminar | action=commit
2025-02-28 08:46:00 | INFO | repo=2017-course-sys-int-activemq-seminar | action=commit
2025-12-19 19:43:00 | INFO | repo=2017-course-sys-int-activemq-seminar | action=commit
2025-11-15 08:43:00 | DEBUG | repo=2017-course-sys-int-activemq-seminar | action=commit
2025-08-13 18:23:00 | WARN | repo=2017-course-sys-int-activemq-seminar | action=commit
2025-12-09 21:29:00 | WARN | repo=2017-course-sys-int-activemq-seminar | action=commit
2025-04-10 17:52:00 | WARN | repo=2017-course-sys-int-activemq-seminar | action=commit
2025-06-23 14:47:00 | INFO | repo=2017-course-sys-int-activemq-seminar | action=commit
2025-11-07 07:39:00 | INFO | repo=2017-course-sys-int-activemq-seminar | action=edit | files=2
2025-07-05 14:16:00 | DEBUG | repo=2017-course-sys-int-activemq-seminar | action=commit
2025-12-13 20:50:00 | INFO | repo=2017-course-sys-int-activemq-seminar | action=test | passed=true
2025-09-22 14:13:00 | WARN | repo=2017-course-sys-int-activemq-seminar | action=pull
2025-11-03 16:11:00 | INFO | repo=2017-course-sys-int-activemq-seminar | action=commit
2025-03-05 21:27:00 | DEBUG | repo=2017-course-sys-int-activemq-seminar | action=commit
2025-01-03 16:25:00 | INFO | repo=2017-course-sys-int-activemq-seminar | action=test | passed=true
2025-03-26 19:27:00 | INFO | repo=2017-course-sys-int-activemq-seminar | action=test | passed=true
2025-05-17 21:40:00 | INFO | repo=2017-course-sys-int-activemq-seminar | action=commit
2025-11-03 18:59:00 | WARN | repo=2017-course-sys-int-activemq-seminar | action=commit
2025-09-17 09:55:00 | DEBUG | repo=2017-course-sys-int-activemq-seminar | action=commit
2025-02-15 16:58:00 | INFO | repo=2017-course-sys-int-activemq-seminar | action=commit
2025-07-22 19:25:00 | DEBUG | repo=2017-course-sys-int-activemq-seminar | action=commit
2025-10-20 19:45:00 | INFO | repo=2017-course-sys-int-activemq-seminar | action=commit
